/eos/user/k/kyklazek/SWAN_projects/UVic-Photons/photon-study/makepickledata.py:62: SettingWithCopyWarning: 
A value is trying to be set on a copy of a slice from a DataFrame.
Try using .loc[row_indexer,col_indexer] = value instead

See the caveats in the documentation: https://pandas.pydata.org/pandas-docs/stable/user_guide/indexing.html#returning-a-view-versus-a-copy
  df_mc20_gj['goodWeight'] = df_mc20_gj['mcTotWeight']/df_mc20_gj['yWeight']
/eos/user/k/kyklazek/SWAN_projects/UVic-Photons/photon-study/makepickledata.py:63: SettingWithCopyWarning: 
A value is trying to be set on a copy of a slice from a DataFrame.
Try using .loc[row_indexer,col_indexer] = value instead

See the caveats in the documentation: https://pandas.pydata.org/pandas-docs/stable/user_guide/indexing.html#returning-a-view-versus-a-copy
  df_mc20_jj['goodWeight'] = df_mc20_jj['mcTotWeight']/df_mc20_jj['yWeight']
/eos/user/k/kyklazek/SWAN_projects/UVic-Photons/photon-study/makepickledata.py:68: SettingWithCopyWarning: 
A value is trying to be set on a copy of a slice from a DataFrame.
Try using .loc[row_indexer,col_indexer] = value instead

See the caveats in the documentation: https://pandas.pydata.org/pandas-docs/stable/user_guide/indexing.html#returning-a-view-versus-a-copy
  df_mc20_gj['HadLeakage'] = ap.makehadlist(df_mc20_gj)
/eos/user/k/kyklazek/SWAN_projects/UVic-Photons/photon-study/makepickledata.py:69: SettingWithCopyWarning: 
A value is trying to be set on a copy of a slice from a DataFrame.
Try using .loc[row_indexer,col_indexer] = value instead

See the caveats in the documentation: https://pandas.pydata.org/pandas-docs/stable/user_guide/indexing.html#returning-a-view-versus-a-copy
  df_mc20_jj['HadLeakage'] = ap.makehadlist(df_mc20_jj)
