000 (852047.000.000) 08/03 02:17:23 Job submitted from host: <188.185.16.120:9618?addrs=188.185.16.120-9618+[2001-1458-d00-65--100-39b]-9618&alias=bigbird27.cern.ch&noUDP&sock=schedd_7899_a2ad>
...
040 (852047.000.000) 08/03 02:19:37 Started transferring input files
	Transferring to host: <128.142.61.58:9618?addrs=128.142.61.58-9618+[2001-1458-301-23--100-39]-9618&alias=b7s06p9546.cern.ch&noUDP&sock=slot1_23_3649_cced_122210>
...
040 (852047.000.000) 08/03 02:19:37 Finished transferring input files
...
001 (852047.000.000) 08/03 02:19:38 Job executing on host: <128.142.61.58:9618?addrs=128.142.61.58-9618+[2001-1458-301-23--100-39]-9618&alias=b7s06p9546.cern.ch&noUDP&sock=startd_2908_397f>
...
006 (852047.000.000) 08/03 02:19:47 Image size of job updated: 1696
	2  -  MemoryUsage of job (MB)
	1604  -  ResidentSetSize of job (KB)
...
006 (852047.000.000) 08/03 02:24:47 Image size of job updated: 16565172
	4488  -  MemoryUsage of job (MB)
	4594748  -  ResidentSetSize of job (KB)
...
006 (852047.000.000) 08/03 02:27:17 Image size of job updated: 19858136
	4488  -  MemoryUsage of job (MB)
	4595260  -  ResidentSetSize of job (KB)
...
040 (852047.000.000) 08/03 02:27:18 Started transferring output files
...
040 (852047.000.000) 08/03 02:27:18 Finished transferring output files
...
005 (852047.000.000) 08/03 02:27:18 Job terminated.
	(1) Normal termination (return value 0)
		Usr 0 00:00:02, Sys 0 00:00:06  -  Run Remote Usage
		Usr 0 00:00:00, Sys 0 00:00:00  -  Run Local Usage
		Usr 0 00:00:02, Sys 0 00:00:06  -  Total Remote Usage
		Usr 0 00:00:00, Sys 0 00:00:00  -  Total Local Usage
	5315  -  Run Bytes Sent By Job
	319  -  Run Bytes Received By Job
	5315  -  Total Bytes Sent By Job
	319  -  Total Bytes Received By Job
	Partitionable Resources :    Usage  Request Allocated 
	   Cpus                 :     0.06        1         1 
	   Disk (KB)            :    26           1   1289454 
	   Memory (MB)          :  4488        2000      2000 

	Job terminated of its own accord at 2023-08-03T00:27:17Z.
...
