000 (841936.000.000) 07/28 23:37:47 Job submitted from host: <188.185.16.120:9618?addrs=188.185.16.120-9618+[2001-1458-d00-65--100-39b]-9618&alias=bigbird27.cern.ch&noUDP&sock=schedd_7899_a2ad>
...
040 (841936.000.000) 07/28 23:39:40 Started transferring input files
	Transferring to host: <128.142.248.23:9618?addrs=128.142.248.23-9618+[2001-1458-301-73--100-107]-9618&alias=b7g23p4077.cern.ch&noUDP&sock=slot1_8_4775_2b5b_30679>
...
040 (841936.000.000) 07/28 23:39:40 Finished transferring input files
...
001 (841936.000.000) 07/28 23:39:41 Job executing on host: <128.142.248.23:9618?addrs=128.142.248.23-9618+[2001-1458-301-73--100-107]-9618&alias=b7g23p4077.cern.ch&noUDP&sock=startd_113994_fb19>
...
006 (841936.000.000) 07/28 23:39:50 Image size of job updated: 40424
	29  -  MemoryUsage of job (MB)
	29200  -  ResidentSetSize of job (KB)
...
006 (841936.000.000) 07/28 23:41:25 Image size of job updated: 8892488
	30  -  MemoryUsage of job (MB)
	30224  -  ResidentSetSize of job (KB)
...
040 (841936.000.000) 07/28 23:41:25 Started transferring output files
...
040 (841936.000.000) 07/28 23:41:25 Finished transferring output files
...
005 (841936.000.000) 07/28 23:41:25 Job terminated.
	(1) Normal termination (return value 0)
		Usr 0 00:00:05, Sys 0 00:00:16  -  Run Remote Usage
		Usr 0 00:00:00, Sys 0 00:00:00  -  Run Local Usage
		Usr 0 00:00:05, Sys 0 00:00:16  -  Total Remote Usage
		Usr 0 00:00:00, Sys 0 00:00:00  -  Total Local Usage
	5313  -  Run Bytes Sent By Job
	299  -  Run Bytes Received By Job
	5313  -  Total Bytes Sent By Job
	299  -  Total Bytes Received By Job
	Partitionable Resources :    Usage  Request Allocated 
	   Cpus                 :                 1         1 
	   Disk (KB)            :       19        1   2928027 
	   Memory (MB)          :       30     2000      2000 

	Job terminated of its own accord at 2023-07-28T21:41:25Z.
...
