000 (841933.000.000) 07/28 21:59:07 Job submitted from host: <188.185.16.120:9618?addrs=188.185.16.120-9618+[2001-1458-d00-65--100-39b]-9618&alias=bigbird27.cern.ch&noUDP&sock=schedd_7899_a2ad>
...
040 (841933.000.000) 07/28 22:00:35 Started transferring input files
	Transferring to host: <128.142.248.196:9618?addrs=128.142.248.196-9618+[2001-1458-301-73--100-c3]-9618&alias=b7g23p3833.cern.ch&noUDP&sock=slot1_20_161315_c2b9_53505>
...
040 (841933.000.000) 07/28 22:00:35 Finished transferring input files
...
001 (841933.000.000) 07/28 22:00:36 Job executing on host: <128.142.248.196:9618?addrs=128.142.248.196-9618+[2001-1458-301-73--100-c3]-9618&alias=b7g23p3833.cern.ch&noUDP&sock=startd_159955_676b>
...
006 (841933.000.000) 07/28 22:00:45 Image size of job updated: 143284
	1  -  MemoryUsage of job (MB)
	952  -  ResidentSetSize of job (KB)
...
006 (841933.000.000) 07/28 22:00:56 Image size of job updated: 529876
	1  -  MemoryUsage of job (MB)
	952  -  ResidentSetSize of job (KB)
...
040 (841933.000.000) 07/28 22:00:56 Started transferring output files
...
040 (841933.000.000) 07/28 22:00:56 Finished transferring output files
...
005 (841933.000.000) 07/28 22:00:56 Job terminated.
	(1) Normal termination (return value 1)
		Usr 0 00:00:04, Sys 0 00:00:03  -  Run Remote Usage
		Usr 0 00:00:00, Sys 0 00:00:00  -  Run Local Usage
		Usr 0 00:00:04, Sys 0 00:00:03  -  Total Remote Usage
		Usr 0 00:00:00, Sys 0 00:00:00  -  Total Local Usage
	5399  -  Run Bytes Sent By Job
	299  -  Run Bytes Received By Job
	5399  -  Total Bytes Sent By Job
	299  -  Total Bytes Received By Job
	Partitionable Resources :    Usage  Request Allocated 
	   Cpus                 :                 1         1 
	   Disk (KB)            :       19        1   2953831 
	   Memory (MB)          :        1     2000      2000 

	Job terminated of its own accord at 2023-07-28T20:00:56Z.
...
