000 (794781.000.000) 07/07 00:09:56 Job submitted from host: <188.185.16.120:9618?addrs=188.185.16.120-9618+[2001-1458-d00-65--100-39b]-9618&alias=bigbird27.cern.ch&noUDP&sock=schedd_7899_a2ad>
...
040 (794781.000.000) 07/07 00:13:23 Started transferring input files
	Transferring to host: <188.184.163.209:9618?addrs=188.184.163.209-9618+[2001-1458-301-4d--100-cb]-9618&alias=b7s12p8199.cern.ch&noUDP&sock=slot1_38_173510_3dc9_16402>
...
040 (794781.000.000) 07/07 00:13:23 Finished transferring input files
...
001 (794781.000.000) 07/07 00:13:24 Job executing on host: <188.184.163.209:9618?addrs=188.184.163.209-9618+[2001-1458-301-4d--100-cb]-9618&alias=b7s12p8199.cern.ch&noUDP&sock=startd_173471_417a>
...
006 (794781.000.000) 07/07 00:13:26 Image size of job updated: 88400
	0  -  MemoryUsage of job (MB)
	0  -  ResidentSetSize of job (KB)
...
040 (794781.000.000) 07/07 00:13:26 Started transferring output files
...
040 (794781.000.000) 07/07 00:13:26 Finished transferring output files
...
005 (794781.000.000) 07/07 00:13:26 Job terminated.
	(1) Normal termination (return value 0)
		Usr 0 00:00:00, Sys 0 00:00:00  -  Run Remote Usage
		Usr 0 00:00:00, Sys 0 00:00:00  -  Run Local Usage
		Usr 0 00:00:00, Sys 0 00:00:00  -  Total Remote Usage
		Usr 0 00:00:00, Sys 0 00:00:00  -  Total Local Usage
	4870  -  Run Bytes Sent By Job
	105  -  Run Bytes Received By Job
	4870  -  Total Bytes Sent By Job
	105  -  Total Bytes Received By Job
	Partitionable Resources :    Usage  Request Allocated 
	   Cpus                 :                 1         1 
	   Disk (KB)            :       18        1   3098742 
	   Memory (MB)          :        0     2000      2000 

	Job terminated of its own accord at 2023-07-06T22:13:26Z.
...
