000 (793887.000.000) 07/06 22:50:15 Job submitted from host: <188.185.16.120:9618?addrs=188.185.16.120-9618+[2001-1458-d00-65--100-39b]-9618&alias=bigbird27.cern.ch&noUDP&sock=schedd_7899_a2ad>
...
040 (793887.000.000) 07/06 22:51:21 Started transferring input files
	Transferring to host: <128.142.248.194:9618?addrs=128.142.248.194-9618+[2001-1458-301-73--100-c1]-9618&alias=b7g23p8054.cern.ch&noUDP&sock=slot1_30_4792_25bc_92530>
...
040 (793887.000.000) 07/06 22:51:21 Finished transferring input files
...
001 (793887.000.000) 07/06 22:51:22 Job executing on host: <128.142.248.194:9618?addrs=128.142.248.194-9618+[2001-1458-301-73--100-c1]-9618&alias=b7g23p8054.cern.ch&noUDP&sock=startd_3494_2bfe>
...
006 (793887.000.000) 07/06 22:51:23 Image size of job updated: 1
	0  -  MemoryUsage of job (MB)
	0  -  ResidentSetSize of job (KB)
...
040 (793887.000.000) 07/06 22:51:23 Started transferring output files
...
040 (793887.000.000) 07/06 22:51:23 Finished transferring output files
...
005 (793887.000.000) 07/06 22:51:23 Job terminated.
	(1) Normal termination (return value 0)
		Usr 0 00:00:00, Sys 0 00:00:00  -  Run Remote Usage
		Usr 0 00:00:00, Sys 0 00:00:00  -  Run Local Usage
		Usr 0 00:00:00, Sys 0 00:00:00  -  Total Remote Usage
		Usr 0 00:00:00, Sys 0 00:00:00  -  Total Local Usage
	12  -  Run Bytes Sent By Job
	98  -  Run Bytes Received By Job
	12  -  Total Bytes Sent By Job
	98  -  Total Bytes Received By Job
	Partitionable Resources :    Usage  Request Allocated 
	   Cpus                 :                 1         1 
	   Disk (KB)            :       16        1   3011632 
	   Memory (MB)          :        0     2000      2000 

	Job terminated of its own accord at 2023-07-06T20:51:23Z.
...
