000 (793879.000.000) 07/06 22:18:43 Job submitted from host: <188.185.16.120:9618?addrs=188.185.16.120-9618+[2001-1458-d00-65--100-39b]-9618&alias=bigbird27.cern.ch&noUDP&sock=schedd_7899_a2ad>
...
040 (793879.000.000) 07/06 22:25:22 Started transferring input files
	Transferring to host: <128.142.248.203:9618?addrs=128.142.248.203-9618+[2001-1458-301-73--100-ca]-9618&alias=b7g23p9103.cern.ch&noUDP&sock=slot1_46_9037_2249_80211>
...
040 (793879.000.000) 07/06 22:25:22 Finished transferring input files
...
001 (793879.000.000) 07/06 22:25:23 Job executing on host: <128.142.248.203:9618?addrs=128.142.248.203-9618+[2001-1458-301-73--100-ca]-9618&alias=b7g23p9103.cern.ch&noUDP&sock=startd_7787_d012>
...
006 (793879.000.000) 07/06 22:25:23 Image size of job updated: 1
	0  -  MemoryUsage of job (MB)
	0  -  ResidentSetSize of job (KB)
...
040 (793879.000.000) 07/06 22:25:23 Started transferring output files
...
040 (793879.000.000) 07/06 22:25:24 Finished transferring output files
...
005 (793879.000.000) 07/06 22:25:24 Job terminated.
	(1) Normal termination (return value 0)
		Usr 0 00:00:00, Sys 0 00:00:00  -  Run Remote Usage
		Usr 0 00:00:00, Sys 0 00:00:00  -  Run Local Usage
		Usr 0 00:00:00, Sys 0 00:00:00  -  Total Remote Usage
		Usr 0 00:00:00, Sys 0 00:00:00  -  Total Local Usage
	0  -  Run Bytes Sent By Job
	21  -  Run Bytes Received By Job
	0  -  Total Bytes Sent By Job
	21  -  Total Bytes Received By Job
	Partitionable Resources :    Usage  Request Allocated 
	   Cpus                 :                 1         1 
	   Disk (KB)            :       16        1   2897141 
	   Memory (MB)          :        0     2000      2000 

	Job terminated of its own accord at 2023-07-06T20:25:23Z.
...
