000 (793876.000.000) 07/06 21:58:28 Job submitted from host: <188.185.16.120:9618?addrs=188.185.16.120-9618+[2001-1458-d00-65--100-39b]-9618&alias=bigbird27.cern.ch&noUDP&sock=schedd_7899_a2ad>
...
040 (793876.000.000) 07/06 22:06:28 Started transferring input files
	Transferring to host: <188.184.163.149:9618?addrs=188.184.163.149-9618+[2001-1458-301-4d--100-8f]-9618&alias=b7s12p5059.cern.ch&noUDP&sock=slot1_13_160205_aa4c_17434>
...
040 (793876.000.000) 07/06 22:06:28 Finished transferring input files
...
001 (793876.000.000) 07/06 22:06:29 Job executing on host: <188.184.163.149:9618?addrs=188.184.163.149-9618+[2001-1458-301-4d--100-8f]-9618&alias=b7s12p5059.cern.ch&noUDP&sock=startd_112131_1e29>
...
006 (793876.000.000) 07/06 22:06:29 Image size of job updated: 2412
	0  -  MemoryUsage of job (MB)
	0  -  ResidentSetSize of job (KB)
...
040 (793876.000.000) 07/06 22:06:29 Started transferring output files
...
040 (793876.000.000) 07/06 22:06:29 Finished transferring output files
...
005 (793876.000.000) 07/06 22:06:30 Job terminated.
	(1) Normal termination (return value 0)
		Usr 0 00:00:00, Sys 0 00:00:00  -  Run Remote Usage
		Usr 0 00:00:00, Sys 0 00:00:00  -  Run Local Usage
		Usr 0 00:00:00, Sys 0 00:00:00  -  Total Remote Usage
		Usr 0 00:00:00, Sys 0 00:00:00  -  Total Local Usage
	0  -  Run Bytes Sent By Job
	21  -  Run Bytes Received By Job
	0  -  Total Bytes Sent By Job
	21  -  Total Bytes Received By Job
	Partitionable Resources :    Usage  Request Allocated 
	   Cpus                 :                 1         1 
	   Disk (KB)            :       16        1   3016300 
	   Memory (MB)          :        0     2000      2000 

	Job terminated of its own accord at 2023-07-06T20:06:29Z.
...
