000 (793882.000.000) 07/06 22:40:34 Job submitted from host: <188.185.16.120:9618?addrs=188.185.16.120-9618+[2001-1458-d00-65--100-39b]-9618&alias=bigbird27.cern.ch&noUDP&sock=schedd_7899_a2ad>
...
040 (793882.000.000) 07/06 22:44:24 Started transferring input files
	Transferring to host: <128.142.248.21:9618?addrs=128.142.248.21-9618+[2001-1458-301-73--100-105]-9618&alias=b7g23p6920.cern.ch&noUDP&sock=slot1_31_5070_0607_84098>
...
040 (793882.000.000) 07/06 22:44:24 Finished transferring input files
...
001 (793882.000.000) 07/06 22:44:25 Job executing on host: <128.142.248.21:9618?addrs=128.142.248.21-9618+[2001-1458-301-73--100-105]-9618&alias=b7g23p6920.cern.ch&noUDP&sock=startd_3491_1d36>
...
006 (793882.000.000) 07/06 22:44:26 Image size of job updated: 1
	0  -  MemoryUsage of job (MB)
	0  -  ResidentSetSize of job (KB)
...
040 (793882.000.000) 07/06 22:44:26 Started transferring output files
...
040 (793882.000.000) 07/06 22:44:26 Finished transferring output files
...
005 (793882.000.000) 07/06 22:44:26 Job terminated.
	(1) Normal termination (return value 2)
		Usr 0 00:00:00, Sys 0 00:00:00  -  Run Remote Usage
		Usr 0 00:00:00, Sys 0 00:00:00  -  Run Local Usage
		Usr 0 00:00:00, Sys 0 00:00:00  -  Total Remote Usage
		Usr 0 00:00:00, Sys 0 00:00:00  -  Total Local Usage
	77  -  Run Bytes Sent By Job
	33  -  Run Bytes Received By Job
	77  -  Total Bytes Sent By Job
	33  -  Total Bytes Received By Job
	Partitionable Resources :    Usage  Request Allocated 
	   Cpus                 :                 1         1 
	   Disk (KB)            :       16        1   2975651 
	   Memory (MB)          :        0     2000      2000 

	Job terminated of its own accord at 2023-07-06T20:44:26Z.
...
